2024-11-17 13:36:05.874 [restartedMain] INFO  com.shanzhu.tourism.BackendApplication - Starting BackendApplication using Java 1.8.0_241 on admin with PID 33136 (E:\taobao\free\旅游推荐系统\02-旅游推荐系统\tourism-backend\target\classes started by 11450 in E:\taobao\free\旅游推荐系统\02-旅游推荐系统\tourism-backend)
2024-11-17 13:36:05.887 [restartedMain] INFO  com.shanzhu.tourism.BackendApplication - The following profiles are active: dev
2024-11-17 13:36:05.926 [restartedMain] INFO  o.s.b.d.env.DevToolsPropertyDefaultsPostProcessor - Devtools property defaults active! Set 'spring.devtools.add-properties' to 'false' to disable
2024-11-17 13:36:05.926 [restartedMain] INFO  o.s.b.d.env.DevToolsPropertyDefaultsPostProcessor - For additional web related logging consider setting the 'logging.level.web' property to 'DEBUG'
2024-11-17 13:36:06.436 [restartedMain] INFO  o.s.d.r.config.RepositoryConfigurationDelegate - Multiple Spring Data modules found, entering strict repository configuration mode!
2024-11-17 13:36:06.439 [restartedMain] INFO  o.s.d.r.config.RepositoryConfigurationDelegate - Bootstrapping Spring Data Redis repositories in DEFAULT mode.
2024-11-17 13:36:06.466 [restartedMain] INFO  o.s.d.r.config.RepositoryConfigurationDelegate - Finished Spring Data repository scanning in 14 ms. Found 0 Redis repository interfaces.
2024-11-17 13:36:06.964 [restartedMain] INFO  o.s.boot.web.embedded.tomcat.TomcatWebServer - Tomcat initialized with port(s): 8080 (http)
2024-11-17 13:36:06.972 [restartedMain] INFO  org.apache.coyote.http11.Http11NioProtocol - Initializing ProtocolHandler ["http-nio-8080"]
2024-11-17 13:36:06.972 [restartedMain] INFO  org.apache.catalina.core.StandardService - Starting service [Tomcat]
2024-11-17 13:36:06.973 [restartedMain] INFO  org.apache.catalina.core.StandardEngine - Starting Servlet engine: [Apache Tomcat/9.0.41]
2024-11-17 13:36:07.068 [restartedMain] INFO  o.a.c.core.ContainerBase.[Tomcat].[localhost].[/] - Initializing Spring embedded WebApplicationContext
2024-11-17 13:36:07.068 [restartedMain] INFO  o.s.b.w.s.c.ServletWebServerApplicationContext - Root WebApplicationContext: initialization completed in 1141 ms
2024-11-17 13:36:07.355 [restartedMain] INFO  c.a.d.s.b.a.DruidDataSourceAutoConfigure - Init DruidDataSource
2024-11-17 13:36:07.956 [restartedMain] INFO  com.alibaba.druid.pool.DruidDataSource - {dataSource-1} inited
2024-11-17 13:36:07.964 [Druid-ConnectionPool-Create-292915036] INFO  com.alibaba.druid.pool.DruidAbstractDataSource - {dataSource-1} failContinuous is true
2024-11-17 13:36:07.984 [restartedMain] INFO  org.apache.catalina.core.StandardService - Stopping service [Tomcat]
2024-11-17 13:36:07.992 [restartedMain] INFO  o.s.b.a.l.ConditionEvaluationReportLoggingListener - 

Error starting ApplicationContext. To display the conditions report re-run your application with 'debug' enabled.
2024-11-17 13:36:16.396 [restartedMain] INFO  com.shanzhu.tourism.BackendApplication - Starting BackendApplication using Java 1.8.0_241 on admin with PID 8608 (E:\taobao\free\旅游推荐系统\02-旅游推荐系统\tourism-backend\target\classes started by 11450 in E:\taobao\free\旅游推荐系统\02-旅游推荐系统\tourism-backend)
2024-11-17 13:36:16.398 [restartedMain] INFO  com.shanzhu.tourism.BackendApplication - The following profiles are active: dev
2024-11-17 13:36:16.456 [restartedMain] INFO  o.s.b.d.env.DevToolsPropertyDefaultsPostProcessor - Devtools property defaults active! Set 'spring.devtools.add-properties' to 'false' to disable
2024-11-17 13:36:16.456 [restartedMain] INFO  o.s.b.d.env.DevToolsPropertyDefaultsPostProcessor - For additional web related logging consider setting the 'logging.level.web' property to 'DEBUG'
2024-11-17 13:36:16.894 [restartedMain] INFO  o.s.d.r.config.RepositoryConfigurationDelegate - Multiple Spring Data modules found, entering strict repository configuration mode!
2024-11-17 13:36:16.896 [restartedMain] INFO  o.s.d.r.config.RepositoryConfigurationDelegate - Bootstrapping Spring Data Redis repositories in DEFAULT mode.
2024-11-17 13:36:16.923 [restartedMain] INFO  o.s.d.r.config.RepositoryConfigurationDelegate - Finished Spring Data repository scanning in 15 ms. Found 0 Redis repository interfaces.
2024-11-17 13:36:17.493 [restartedMain] INFO  o.s.boot.web.embedded.tomcat.TomcatWebServer - Tomcat initialized with port(s): 8080 (http)
2024-11-17 13:36:17.503 [restartedMain] INFO  org.apache.coyote.http11.Http11NioProtocol - Initializing ProtocolHandler ["http-nio-8080"]
2024-11-17 13:36:17.504 [restartedMain] INFO  org.apache.catalina.core.StandardService - Starting service [Tomcat]
2024-11-17 13:36:17.504 [restartedMain] INFO  org.apache.catalina.core.StandardEngine - Starting Servlet engine: [Apache Tomcat/9.0.41]
2024-11-17 13:36:17.616 [restartedMain] INFO  o.a.c.core.ContainerBase.[Tomcat].[localhost].[/] - Initializing Spring embedded WebApplicationContext
2024-11-17 13:36:17.616 [restartedMain] INFO  o.s.b.w.s.c.ServletWebServerApplicationContext - Root WebApplicationContext: initialization completed in 1159 ms
2024-11-17 13:36:17.942 [restartedMain] INFO  c.a.d.s.b.a.DruidDataSourceAutoConfigure - Init DruidDataSource
2024-11-17 13:36:18.545 [restartedMain] INFO  com.alibaba.druid.pool.DruidDataSource - {dataSource-1} inited
2024-11-17 13:36:19.419 [restartedMain] INFO  o.s.scheduling.concurrent.ThreadPoolTaskExecutor - Initializing ExecutorService 'applicationTaskExecutor'
2024-11-17 13:36:19.599 [restartedMain] INFO  o.s.b.d.autoconfigure.OptionalLiveReloadServer - LiveReload server is running on port 35729
2024-11-17 13:36:19.620 [restartedMain] INFO  org.apache.coyote.http11.Http11NioProtocol - Starting ProtocolHandler ["http-nio-8080"]
2024-11-17 13:36:19.649 [restartedMain] INFO  o.s.boot.web.embedded.tomcat.TomcatWebServer - Tomcat started on port(s): 8080 (http) with context path ''
2024-11-17 13:36:19.656 [restartedMain] INFO  com.shanzhu.tourism.BackendApplication - Started BackendApplication in 3.75 seconds (JVM running for 4.523)
2024-11-17 13:36:19.658 [restartedMain] INFO  com.shanzhu.tourism.BackendApplication - =====================项目后端启动成功============================
2024-11-17 13:36:24.303 [Thread-13] INFO  o.s.scheduling.concurrent.ThreadPoolTaskExecutor - Shutting down ExecutorService 'applicationTaskExecutor'
2024-11-17 13:36:24.303 [Thread-13] INFO  com.alibaba.druid.pool.DruidDataSource - {dataSource-1} closing ...
2024-11-17 13:36:24.305 [Thread-13] INFO  com.alibaba.druid.pool.DruidDataSource - {dataSource-1} closed
2024-11-17 13:36:24.466 [restartedMain] INFO  com.shanzhu.tourism.BackendApplication - Starting BackendApplication using Java 1.8.0_241 on admin with PID 8608 (E:\taobao\free\旅游推荐系统\02-旅游推荐系统\tourism-backend\target\classes started by 11450 in E:\taobao\free\旅游推荐系统\02-旅游推荐系统\tourism-backend)
2024-11-17 13:36:24.466 [restartedMain] INFO  com.shanzhu.tourism.BackendApplication - The following profiles are active: dev
2024-11-17 13:36:24.549 [restartedMain] INFO  o.s.d.r.config.RepositoryConfigurationDelegate - Multiple Spring Data modules found, entering strict repository configuration mode!
2024-11-17 13:36:24.549 [restartedMain] INFO  o.s.d.r.config.RepositoryConfigurationDelegate - Bootstrapping Spring Data Redis repositories in DEFAULT mode.
2024-11-17 13:36:24.550 [restartedMain] INFO  o.s.d.r.config.RepositoryConfigurationDelegate - Finished Spring Data repository scanning in 0 ms. Found 0 Redis repository interfaces.
2024-11-17 13:36:24.653 [restartedMain] INFO  o.s.boot.web.embedded.tomcat.TomcatWebServer - Tomcat initialized with port(s): 8080 (http)
2024-11-17 13:36:24.653 [restartedMain] INFO  org.apache.coyote.http11.Http11NioProtocol - Initializing ProtocolHandler ["http-nio-8080"]
2024-11-17 13:36:24.654 [restartedMain] INFO  org.apache.catalina.core.StandardService - Starting service [Tomcat]
2024-11-17 13:36:24.654 [restartedMain] INFO  org.apache.catalina.core.StandardEngine - Starting Servlet engine: [Apache Tomcat/9.0.41]
2024-11-17 13:36:24.683 [restartedMain] INFO  o.a.c.core.ContainerBase.[Tomcat].[localhost].[/] - Initializing Spring embedded WebApplicationContext
2024-11-17 13:36:24.684 [restartedMain] INFO  o.s.b.w.s.c.ServletWebServerApplicationContext - Root WebApplicationContext: initialization completed in 217 ms
2024-11-17 13:36:24.731 [restartedMain] INFO  o.s.scheduling.concurrent.ThreadPoolTaskExecutor - Initializing ExecutorService 'applicationTaskExecutor'
2024-11-17 13:36:24.767 [restartedMain] INFO  c.a.d.s.b.a.DruidDataSourceAutoConfigure - Init DruidDataSource
2024-11-17 13:36:24.830 [restartedMain] INFO  com.alibaba.druid.pool.DruidDataSource - {dataSource-2} inited
2024-11-17 13:36:24.882 [restartedMain] INFO  com.alibaba.druid.pool.DruidDataSource - {dataSource-2} closing ...
2024-11-17 13:36:24.884 [restartedMain] INFO  com.alibaba.druid.pool.DruidDataSource - {dataSource-2} closed
2024-11-17 13:36:24.884 [restartedMain] INFO  o.s.scheduling.concurrent.ThreadPoolTaskExecutor - Shutting down ExecutorService 'applicationTaskExecutor'
2024-11-17 13:36:24.884 [restartedMain] INFO  org.apache.catalina.core.StandardService - Stopping service [Tomcat]
2024-11-17 13:36:24.889 [restartedMain] INFO  o.s.b.a.l.ConditionEvaluationReportLoggingListener - 

Error starting ApplicationContext. To display the conditions report re-run your application with 'debug' enabled.
2024-11-17 13:36:28.657 [restartedMain] INFO  com.shanzhu.tourism.BackendApplication - Starting BackendApplication using Java 1.8.0_241 on admin with PID 8608 (E:\taobao\free\旅游推荐系统\02-旅游推荐系统\tourism-backend\target\classes started by 11450 in E:\taobao\free\旅游推荐系统\02-旅游推荐系统\tourism-backend)
2024-11-17 13:36:28.657 [restartedMain] INFO  com.shanzhu.tourism.BackendApplication - The following profiles are active: dev
2024-11-17 13:36:28.758 [restartedMain] INFO  o.s.d.r.config.RepositoryConfigurationDelegate - Multiple Spring Data modules found, entering strict repository configuration mode!
2024-11-17 13:36:28.758 [restartedMain] INFO  o.s.d.r.config.RepositoryConfigurationDelegate - Bootstrapping Spring Data Redis repositories in DEFAULT mode.
2024-11-17 13:36:28.765 [restartedMain] INFO  o.s.d.r.config.RepositoryConfigurationDelegate - Finished Spring Data repository scanning in 7 ms. Found 0 Redis repository interfaces.
2024-11-17 13:36:28.825 [restartedMain] INFO  o.s.boot.web.embedded.tomcat.TomcatWebServer - Tomcat initialized with port(s): 8080 (http)
2024-11-17 13:36:28.825 [restartedMain] INFO  org.apache.coyote.http11.Http11NioProtocol - Initializing ProtocolHandler ["http-nio-8080"]
2024-11-17 13:36:28.825 [restartedMain] INFO  org.apache.catalina.core.StandardService - Starting service [Tomcat]
2024-11-17 13:36:28.825 [restartedMain] INFO  org.apache.catalina.core.StandardEngine - Starting Servlet engine: [Apache Tomcat/9.0.41]
2024-11-17 13:36:28.842 [restartedMain] INFO  o.a.c.c.ContainerBase.[Tomcat-1].[localhost].[/] - Initializing Spring embedded WebApplicationContext
2024-11-17 13:36:28.843 [restartedMain] INFO  o.s.b.w.s.c.ServletWebServerApplicationContext - Root WebApplicationContext: initialization completed in 185 ms
2024-11-17 13:36:28.862 [restartedMain] INFO  c.a.d.s.b.a.DruidDataSourceAutoConfigure - Init DruidDataSource
2024-11-17 13:36:28.912 [restartedMain] INFO  com.alibaba.druid.pool.DruidDataSource - {dataSource-3} inited
2024-11-17 13:36:29.255 [restartedMain] INFO  o.s.scheduling.concurrent.ThreadPoolTaskExecutor - Initializing ExecutorService 'applicationTaskExecutor'
2024-11-17 13:36:29.298 [restartedMain] INFO  o.s.b.d.autoconfigure.OptionalLiveReloadServer - LiveReload server is running on port 35729
2024-11-17 13:36:29.311 [restartedMain] INFO  org.apache.coyote.http11.Http11NioProtocol - Starting ProtocolHandler ["http-nio-8080"]
2024-11-17 13:36:29.315 [restartedMain] INFO  o.s.boot.web.embedded.tomcat.TomcatWebServer - Tomcat started on port(s): 8080 (http) with context path ''
2024-11-17 13:36:29.318 [restartedMain] INFO  com.shanzhu.tourism.BackendApplication - Started BackendApplication in 0.683 seconds (JVM running for 14.185)
2024-11-17 13:36:29.319 [restartedMain] INFO  o.s.b.d.a.ConditionEvaluationDeltaLoggingListener - Condition evaluation unchanged
2024-11-17 13:36:29.319 [restartedMain] INFO  com.shanzhu.tourism.BackendApplication - =====================项目后端启动成功============================
2024-11-17 13:36:40.943 [http-nio-8080-exec-2] INFO  o.a.c.c.ContainerBase.[Tomcat-1].[localhost].[/] - Initializing Spring DispatcherServlet 'dispatcherServlet'
2024-11-17 13:36:40.944 [http-nio-8080-exec-2] INFO  org.springframework.web.servlet.DispatcherServlet - Initializing Servlet 'dispatcherServlet'
2024-11-17 13:36:40.944 [http-nio-8080-exec-2] INFO  org.springframework.web.servlet.DispatcherServlet - Completed initialization in 0 ms
2024-11-17 13:36:43.730 [SpringContextShutdownHook] INFO  o.s.scheduling.concurrent.ThreadPoolTaskExecutor - Shutting down ExecutorService 'applicationTaskExecutor'
2024-11-17 13:36:43.731 [SpringContextShutdownHook] INFO  com.alibaba.druid.pool.DruidDataSource - {dataSource-3} closing ...
2024-11-17 13:36:43.735 [SpringContextShutdownHook] INFO  com.alibaba.druid.pool.DruidDataSource - {dataSource-3} closed
2024-11-17 13:36:47.145 [restartedMain] INFO  com.shanzhu.tourism.BackendApplication - Starting BackendApplication using Java 1.8.0_241 on admin with PID 31420 (E:\taobao\free\旅游推荐系统\02-旅游推荐系统\tourism-backend\target\classes started by 11450 in E:\taobao\free\旅游推荐系统\02-旅游推荐系统\tourism-backend)
2024-11-17 13:36:47.147 [restartedMain] INFO  com.shanzhu.tourism.BackendApplication - The following profiles are active: dev
2024-11-17 13:36:47.182 [restartedMain] INFO  o.s.b.d.env.DevToolsPropertyDefaultsPostProcessor - Devtools property defaults active! Set 'spring.devtools.add-properties' to 'false' to disable
2024-11-17 13:36:47.182 [restartedMain] INFO  o.s.b.d.env.DevToolsPropertyDefaultsPostProcessor - For additional web related logging consider setting the 'logging.level.web' property to 'DEBUG'
2024-11-17 13:36:47.576 [restartedMain] INFO  o.s.d.r.config.RepositoryConfigurationDelegate - Multiple Spring Data modules found, entering strict repository configuration mode!
2024-11-17 13:36:47.577 [restartedMain] INFO  o.s.d.r.config.RepositoryConfigurationDelegate - Bootstrapping Spring Data Redis repositories in DEFAULT mode.
2024-11-17 13:36:47.599 [restartedMain] INFO  o.s.d.r.config.RepositoryConfigurationDelegate - Finished Spring Data repository scanning in 13 ms. Found 0 Redis repository interfaces.
2024-11-17 13:36:47.902 [restartedMain] INFO  o.s.boot.web.embedded.tomcat.TomcatWebServer - Tomcat initialized with port(s): 8080 (http)
2024-11-17 13:36:47.906 [restartedMain] INFO  org.apache.coyote.http11.Http11NioProtocol - Initializing ProtocolHandler ["http-nio-8080"]
2024-11-17 13:36:47.907 [restartedMain] INFO  org.apache.catalina.core.StandardService - Starting service [Tomcat]
2024-11-17 13:36:47.907 [restartedMain] INFO  org.apache.catalina.core.StandardEngine - Starting Servlet engine: [Apache Tomcat/9.0.41]
2024-11-17 13:36:47.968 [restartedMain] INFO  o.a.c.core.ContainerBase.[Tomcat].[localhost].[/] - Initializing Spring embedded WebApplicationContext
2024-11-17 13:36:47.968 [restartedMain] INFO  o.s.b.w.s.c.ServletWebServerApplicationContext - Root WebApplicationContext: initialization completed in 785 ms
2024-11-17 13:36:48.235 [restartedMain] INFO  c.a.d.s.b.a.DruidDataSourceAutoConfigure - Init DruidDataSource
2024-11-17 13:36:48.689 [restartedMain] INFO  com.alibaba.druid.pool.DruidDataSource - {dataSource-1} inited
2024-11-17 13:36:49.383 [restartedMain] INFO  o.s.scheduling.concurrent.ThreadPoolTaskExecutor - Initializing ExecutorService 'applicationTaskExecutor'
2024-11-17 13:36:49.535 [restartedMain] INFO  o.s.b.d.autoconfigure.OptionalLiveReloadServer - LiveReload server is running on port 35729
2024-11-17 13:36:49.553 [restartedMain] INFO  org.apache.coyote.http11.Http11NioProtocol - Starting ProtocolHandler ["http-nio-8080"]
2024-11-17 13:36:49.574 [restartedMain] INFO  o.s.boot.web.embedded.tomcat.TomcatWebServer - Tomcat started on port(s): 8080 (http) with context path ''
2024-11-17 13:36:49.582 [restartedMain] INFO  com.shanzhu.tourism.BackendApplication - Started BackendApplication in 2.716 seconds (JVM running for 3.294)
2024-11-17 13:36:49.584 [restartedMain] INFO  com.shanzhu.tourism.BackendApplication - =====================项目后端启动成功============================
2024-11-17 13:37:05.344 [http-nio-8080-exec-1] INFO  o.a.c.core.ContainerBase.[Tomcat].[localhost].[/] - Initializing Spring DispatcherServlet 'dispatcherServlet'
2024-11-17 13:37:05.345 [http-nio-8080-exec-1] INFO  org.springframework.web.servlet.DispatcherServlet - Initializing Servlet 'dispatcherServlet'
2024-11-17 13:37:05.349 [http-nio-8080-exec-1] INFO  org.springframework.web.servlet.DispatcherServlet - Completed initialization in 3 ms
